Using pre-set license
Built from '2021.3/staging' branch; Version is '2021.3.18f1 (3129e69bc0c7) revision 3221990'; Using compiler version '192829333'; Build Type 'Release'
OS: 'Windows 11  (10.0.22621) 64bit Core' Language: 'en' Physical Memory: 15776 MB
BatchMode: 1, IsHumanControllingUs: 0, StartBugReporterOnCrash: 0, Is64bit: 1, IsPro: 1

COMMAND LINE ARGUMENTS:
C:\Program Files\Unity\Hub\Editor\2021.3.18f1\Editor\Unity.exe
-adb2
-batchMode
-noUpm
-name
AssetImportWorker2
-projectPath
C:/Users/ellie/Downloads/[Sketch] Level Design Tutorial - Forest 2/[Sketch] Level Design Tutorial - Forest
-logFile
Logs/AssetImportWorker2.log
-srvPort
49371
Successfully changed project path to: C:/Users/ellie/Downloads/[Sketch] Level Design Tutorial - Forest 2/[Sketch] Level Design Tutorial - Forest
C:/Users/ellie/Downloads/[Sketch] Level Design Tutorial - Forest 2/[Sketch] Level Design Tutorial - Forest
[UnityMemory] Configuration Parameters - Can be set up in boot.config
    "memorysetup-bucket-allocator-granularity=16"
    "memorysetup-bucket-allocator-bucket-count=8"
    "memorysetup-bucket-allocator-block-size=33554432"
    "memorysetup-bucket-allocator-block-count=8"
    "memorysetup-main-allocator-block-size=16777216"
    "memorysetup-thread-allocator-block-size=16777216"
    "memorysetup-gfx-main-allocator-block-size=16777216"
    "memorysetup-gfx-thread-allocator-block-size=16777216"
    "memorysetup-cache-allocator-block-size=4194304"
    "memorysetup-typetree-allocator-block-size=2097152"
    "memorysetup-profiler-bucket-allocator-granularity=16"
    "memorysetup-profiler-bucket-allocator-bucket-count=8"
    "memorysetup-profiler-bucket-allocator-block-size=33554432"
    "memorysetup-profiler-bucket-allocator-block-count=8"
    "memorysetup-profiler-allocator-block-size=16777216"
    "memorysetup-profiler-editor-allocator-block-size=1048576"
    "memorysetup-temp-allocator-size-main=16777216"
    "memorysetup-job-temp-allocator-block-size=2097152"
    "memorysetup-job-temp-allocator-block-size-background=1048576"
    "memorysetup-job-temp-allocator-reduction-small-platforms=262144"
    "memorysetup-temp-allocator-size-background-worker=32768"
    "memorysetup-temp-allocator-size-job-worker=262144"
    "memorysetup-temp-allocator-size-preload-manager=33554432"
    "memorysetup-temp-allocator-size-nav-mesh-worker=65536"
    "memorysetup-temp-allocator-size-audio-worker=65536"
    "memorysetup-temp-allocator-size-cloud-worker=32768"
    "memorysetup-temp-allocator-size-gi-baking-worker=262144"
    "memorysetup-temp-allocator-size-gfx=262144"
Player connection [5132] Host "[IP] 10.203.39.20 [Port] 0 [Flags] 2 [Guid] 545164023 [EditorId] 545164023 [Version] 1048832 [Id] WindowsEditor(7,dellie) [Debug] 1 [PackageName] WindowsEditor [ProjectName] Editor" joined multi-casting on [225.0.0.222:54997]...

Player connection [5132] Host "[IP] 10.203.39.20 [Port] 0 [Flags] 2 [Guid] 545164023 [EditorId] 545164023 [Version] 1048832 [Id] WindowsEditor(7,dellie) [Debug] 1 [PackageName] WindowsEditor [ProjectName] Editor" joined alternative multi-casting on [225.0.0.222:34997]...

Refreshing native plugins compatible for Editor in 145.78 ms, found 10 plugins.
Preloading 1 native plugins for Editor in 1.11 ms.
Initialize engine version: 2021.3.18f1 (3129e69bc0c7)
[Subsystems] Discovering subsystems at path C:/Program Files/Unity/Hub/Editor/2021.3.18f1/Editor/Data/Resources/UnitySubsystems
[Subsystems] Discovering subsystems at path C:/Users/ellie/Downloads/[Sketch] Level Design Tutorial - Forest 2/[Sketch] Level Design Tutorial - Forest/Assets
GfxDevice: creating device client; threaded=0; jobified=0
Direct3D:
    Version:  Direct3D 11.0 [level 11.1]
    Renderer: NVIDIA GeForce RTX 3060 Laptop GPU (ID=0x2520)
    Vendor:   NVIDIA
    VRAM:     6023 MB
    Driver:   31.0.15.1640
Shader 'Oculus/OVRMRCameraFrameLit': fallback shader 'Alpha-Diffuse' not found
Initialize mono
Mono path[0] = 'C:/Program Files/Unity/Hub/Editor/2021.3.18f1/Editor/Data/Managed'
Mono path[1] = 'C:/Program Files/Unity/Hub/Editor/2021.3.18f1/Editor/Data/MonoBleedingEdge/lib/mono/unityjit-win32'
Mono config path = 'C:/Program Files/Unity/Hub/Editor/2021.3.18f1/Editor/Data/MonoBleedingEdge/etc'
Using monoOptions --debugger-agent=transport=dt_socket,embedding=1,server=y,suspend=n,address=127.0.0.1:56640
Begin MonoManager ReloadAssembly
Registering precompiled unity dll's ...
Register platform support module: C:/Program Files/Unity/Hub/Editor/2021.3.18f1/Editor/Data/PlaybackEngines/WebGLSupport/UnityEditor.WebGL.Extensions.dll
Register platform support module: C:/Program Files/Unity/Hub/Editor/2021.3.18f1/Editor/Data/PlaybackEngines/AndroidPlayer/UnityEditor.Android.Extensions.dll
Register platform support module: C:/Program Files/Unity/Hub/Editor/2021.3.18f1/Editor/Data/PlaybackEngines/iOSSupport/UnityEditor.iOS.Extensions.dll
Register platform support module: C:/Program Files/Unity/Hub/Editor/2021.3.18f1/Editor/Data/PlaybackEngines/WindowsStandaloneSupport/UnityEditor.WindowsStandalone.Extensions.dll
Register platform support module: C:/Program Files/Unity/Hub/Editor/2021.3.18f1/Editor/Data/PlaybackEngines/MetroSupport/UnityEditor.UWP.Extensions.dll
Registered in 0.008340 seconds.
Native extension for UWP target not found
Native extension for WindowsStandalone target not found
[usbmuxd] Start listen thread
[usbmuxd] Listen thread started
[usbmuxd] Send listen message
Native extension for iOS target not found
Native extension for Android target not found
Android Extension - Scanning For ADB Devices 288 ms
Native extension for WebGL target not found
Refreshing native plugins compatible for Editor in 117.41 ms, found 10 plugins.
Preloading 1 native plugins for Editor in 0.07 ms.
Mono: successfully reloaded assembly
- Completed reload, in  0.956 seconds
Domain Reload Profiling:
	ReloadAssembly (956ms)
		BeginReloadAssembly (74ms)
			ExecutionOrderSort (0ms)
			DisableScriptedObjects (0ms)
			BackupInstance (0ms)
			ReleaseScriptingObjects (0ms)
			CreateAndSetChildDomain (1ms)
		EndReloadAssembly (773ms)
			LoadAssemblies (73ms)
			RebuildTransferFunctionScriptingTraits (0ms)
			SetupTypeCache (96ms)
			ReleaseScriptCaches (0ms)
			RebuildScriptCaches (23ms)
			SetupLoadedEditorAssemblies (603ms)
				LogAssemblyErrors (0ms)
				InitializePlatformSupportModulesInManaged (372ms)
				SetLoadedEditorAssemblies (0ms)
				RefreshPlugins (118ms)
				BeforeProcessingInitializeOnLoad (1ms)
				ProcessInitializeOnLoadAttributes (75ms)
				ProcessInitializeOnLoadMethodAttributes (37ms)
				AfterProcessingInitializeOnLoad (0ms)
				EditorAssembliesLoaded (0ms)
			ExecutionOrderSort2 (0ms)
			AwakeInstancesAfterBackupRestoration (0ms)
Platform modules already initialized, skipping
Registering precompiled user dll's ...
Registered in 0.010570 seconds.
Begin MonoManager ReloadAssembly
Native extension for UWP target not found
Native extension for WindowsStandalone target not found
Native extension for iOS target not found
Native extension for Android target not found
Native extension for WebGL target not found
Refreshing native plugins compatible for Editor in 109.49 ms, found 10 plugins.
Preloading 1 native plugins for Editor in 0.07 ms.
Package Manager log level set to [2]
[XR] OculusXRPlugin: registering subsystems
[XR] Unable to register display lifecyle provider: [1]
[XR] Oculus Input lifecycle provider registered.
[XR] Unable to register input lifecyle provider: [1]
[XR] OVRP version 1.82.0
Mono: successfully reloaded assembly
- Completed reload, in 10.945 seconds
Domain Reload Profiling:
	ReloadAssembly (10946ms)
		BeginReloadAssembly (100ms)
			ExecutionOrderSort (0ms)
			DisableScriptedObjects (6ms)
			BackupInstance (0ms)
			ReleaseScriptingObjects (0ms)
			CreateAndSetChildDomain (21ms)
		EndReloadAssembly (10732ms)
			LoadAssemblies (8183ms)
			RebuildTransferFunctionScriptingTraits (0ms)
			SetupTypeCache (240ms)
			ReleaseScriptCaches (1ms)
			RebuildScriptCaches (92ms)
			SetupLoadedEditorAssemblies (2141ms)
				LogAssemblyErrors (0ms)
				InitializePlatformSupportModulesInManaged (24ms)
				SetLoadedEditorAssemblies (0ms)
				RefreshPlugins (110ms)
				BeforeProcessingInitializeOnLoad (115ms)
				ProcessInitializeOnLoadAttributes (972ms)
				ProcessInitializeOnLoadMethodAttributes (913ms)
				AfterProcessingInitializeOnLoad (6ms)
				EditorAssembliesLoaded (0ms)
			ExecutionOrderSort2 (0ms)
			AwakeInstancesAfterBackupRestoration (6ms)
Platform modules already initialized, skipping
========================================================================
Worker process is ready to serve import requests
Shader 'Oculus/OVRMRCameraFrameLit': fallback shader 'Alpha-Diffuse' not found
Launched and connected shader compiler UnityShaderCompiler.exe after 0.07 seconds
Refreshing native plugins compatible for Editor in 1.85 ms, found 10 plugins.
Preloading 1 native plugins for Editor in 0.10 ms.
Unloading 5481 Unused Serialized files (Serialized files now loaded: 0)
Unloading 123 unused Assets / (1.4 MB). Loaded Objects now: 5892.
Memory consumption went from 259.1 MB to 257.7 MB.
Total: 8.180100 ms (FindLiveObjects: 0.480900 ms CreateObjectMapping: 0.453500 ms MarkObjects: 6.780000 ms  DeleteObjects: 0.464500 ms)

AssetImportParameters requested are different than current active one (requested -> active):
  custom:video-decoder-ogg-theora: a1e56fd34408186e4bbccfd4996cb3dc -> 
  custom:container-muxer-webm: aa71ff27fc2769a1b78a27578f13a17b -> 
  custom:container-demuxer-webm: 4f35f7cbe854078d1ac9338744f61a02 -> 
  custom:video-encoder-webm-vp8: eb34c28f22e8b96e1ab97ce403110664 -> 
  custom:video-codec-MediaFoundation-h265: 746d11721c4dcdbdad8f713fa42b33f4 -> 
  custom:audio-encoder-webm-vorbis: bf7c407c2cedff20999df2af8eb42d56 -> 
  custom:framework-win-MediaFoundation: 216162199b28c13a410421893ffa2e32 -> 
  custom:container-demuxer-ogg: 62fdf1f143b41e24485cea50d1cbac27 -> 
  custom:video-decoder-webm-vp8: 9c59270c3fd7afecdb556c50c9e8de78 -> 
  custom:audio-decoder-ogg-vorbis: bf7c407c2cedff20999df2af8eb42d56 -> 
========================================================================
Received Import Request.
  Time since last request: 76412.831691 seconds.
  path: Assets/Assets/Conifers [BOTD]/Prefabs/PF Conifer Small BOTD.prefab
  artifactKey: Guid(7e3c80b421a0d465b80b8e51a763ea9c) Importer(815301076,1909f56bfc062723c751e8b465ee728b)
Start importing Assets/Assets/Conifers [BOTD]/Prefabs/PF Conifer Small BOTD.prefab using Guid(7e3c80b421a0d465b80b8e51a763ea9c) Importer(815301076,1909f56bfc062723c751e8b465ee728b)  -> (artifact id: '5492da3c7b1d6b90b21579a56934e156') in 0.874165 seconds 
========================================================================
Received Import Request.
  Time since last request: 0.000030 seconds.
  path: Assets/Assets/Conifers [BOTD]/Prefabs/PF Conifer Bare BOTD.prefab
  artifactKey: Guid(539fa9bc6500e44708e0f7b2c78cbefe) Importer(815301076,1909f56bfc062723c751e8b465ee728b)
Start importing Assets/Assets/Conifers [BOTD]/Prefabs/PF Conifer Bare BOTD.prefab using Guid(539fa9bc6500e44708e0f7b2c78cbefe) Importer(815301076,1909f56bfc062723c751e8b465ee728b)  -> (artifact id: 'cc1f801038f2ca2c40ecebd9a0bbe4d3') in 0.548972 seconds 
========================================================================
Received Import Request.
  Time since last request: 128.665022 seconds.
  path: Assets/Nature Sound FX/Beach/Beach (9) Loop.wav
  artifactKey: Guid(7b005ace122a5a04ab13c39fe56a26cc) Importer(815301076,1909f56bfc062723c751e8b465ee728b)
Start importing Assets/Nature Sound FX/Beach/Beach (9) Loop.wav using Guid(7b005ace122a5a04ab13c39fe56a26cc) Importer(815301076,1909f56bfc062723c751e8b465ee728b)  -> (artifact id: '237dba2830057353be702f4661d391d6') in 0.091382 seconds 
========================================================================
Received Import Request.
  Time since last request: 0.000026 seconds.
  path: Assets/Oculus/Interaction/Samples/Sounds/DropObject01.wav
  artifactKey: Guid(80fbb8c0c68727f429e4d50ddadd683b) Importer(815301076,1909f56bfc062723c751e8b465ee728b)
Start importing Assets/Oculus/Interaction/Samples/Sounds/DropObject01.wav using Guid(80fbb8c0c68727f429e4d50ddadd683b) Importer(815301076,1909f56bfc062723c751e8b465ee728b)  -> (artifact id: '762c0757b64d86b730f615480a220bb8') in 0.025812 seconds 
========================================================================
Received Import Request.
  Time since last request: 0.000033 seconds.
  path: Assets/Oculus/Spatializer/scenes/sounds/car.ogg
  artifactKey: Guid(354c37cd61ec24bbcbbc7921d0a71bc1) Importer(815301076,1909f56bfc062723c751e8b465ee728b)
Start importing Assets/Oculus/Spatializer/scenes/sounds/car.ogg using Guid(354c37cd61ec24bbcbbc7921d0a71bc1) Importer(815301076,1909f56bfc062723c751e8b465ee728b)  -> (artifact id: '66780f16b513aec26bfa79743332bb41') in 0.032180 seconds 
========================================================================
Received Import Request.
  Time since last request: 0.000050 seconds.
  path: Assets/Nature Sound FX/Fire/Fire (1) Loop.wav
  artifactKey: Guid(8fff534c015b12f40b5525049fa47eba) Importer(815301076,1909f56bfc062723c751e8b465ee728b)
Start importing Assets/Nature Sound FX/Fire/Fire (1) Loop.wav using Guid(8fff534c015b12f40b5525049fa47eba) Importer(815301076,1909f56bfc062723c751e8b465ee728b)  -> (artifact id: '86aa787c694d56c1e8a7fb685ac676c0') in 0.021672 seconds 
========================================================================
Received Import Request.
  Time since last request: 0.000024 seconds.
  path: Assets/Oculus/Voice/Demo/Audio/Charlie_TimerComplete.wav
  artifactKey: Guid(ad0a5185ecef964498ee86f08f3694da) Importer(815301076,1909f56bfc062723c751e8b465ee728b)
Start importing Assets/Oculus/Voice/Demo/Audio/Charlie_TimerComplete.wav using Guid(ad0a5185ecef964498ee86f08f3694da) Importer(815301076,1909f56bfc062723c751e8b465ee728b)  -> (artifact id: 'aa6ffede22680ba06f27f014f9fef716') in 0.026041 seconds 
========================================================================
Received Import Request.
  Time since last request: 0.000028 seconds.
  path: Assets/Oculus/SampleFramework/Core/HandsInteraction/Audio/ButtonDown.wav
  artifactKey: Guid(98e759dfda69aa7468d95f5a2c88e366) Importer(815301076,1909f56bfc062723c751e8b465ee728b)
Start importing Assets/Oculus/SampleFramework/Core/HandsInteraction/Audio/ButtonDown.wav using Guid(98e759dfda69aa7468d95f5a2c88e366) Importer(815301076,1909f56bfc062723c751e8b465ee728b)  -> (artifact id: 'f8a3c4625da70dd01397569bad7b2c7a') in 0.020794 seconds 
========================================================================
Received Import Request.
  Time since last request: 0.398137 seconds.
  path: Assets/Nature Sound FX/Fire/Fire (4) Loop.wav
  artifactKey: Guid(f0e080bf2a212bc4ba9e09b27c42714b) Importer(815301076,1909f56bfc062723c751e8b465ee728b)
Start importing Assets/Nature Sound FX/Fire/Fire (4) Loop.wav using Guid(f0e080bf2a212bc4ba9e09b27c42714b) Importer(815301076,1909f56bfc062723c751e8b465ee728b)  -> (artifact id: '351418bf5ba8f8f09e4d87222d270f3b') in 0.022696 seconds 
========================================================================
Received Import Request.
  Time since last request: 0.058111 seconds.
  path: Assets/Nature Sound FX/Fire/Flame (2).wav
  artifactKey: Guid(3d85f3f4d22494a4daf59562cdaeb222) Importer(815301076,1909f56bfc062723c751e8b465ee728b)
Start importing Assets/Nature Sound FX/Fire/Flame (2).wav using Guid(3d85f3f4d22494a4daf59562cdaeb222) Importer(815301076,1909f56bfc062723c751e8b465ee728b)  -> (artifact id: '23ff603ae15f382b0965579166b1bb99') in 0.021700 seconds 
========================================================================
Received Import Request.
  Time since last request: 0.026975 seconds.
  path: Assets/Nature Sound FX/Fire/Flame (5).wav
  artifactKey: Guid(8daff5e6d6fceb44a85be61303b35c1e) Importer(815301076,1909f56bfc062723c751e8b465ee728b)
Start importing Assets/Nature Sound FX/Fire/Flame (5).wav using Guid(8daff5e6d6fceb44a85be61303b35c1e) Importer(815301076,1909f56bfc062723c751e8b465ee728b)  -> (artifact id: '4ca6693999439bc6b296deef7aca89d4') in 0.024000 seconds 
========================================================================
Received Import Request.
  Time since last request: 0.000030 seconds.
  path: Assets/Nature Sound FX/Fire/Flame (8).wav
  artifactKey: Guid(e723fde7ffa95ef4c9a263d193752bef) Importer(815301076,1909f56bfc062723c751e8b465ee728b)
Start importing Assets/Nature Sound FX/Fire/Flame (8).wav using Guid(e723fde7ffa95ef4c9a263d193752bef) Importer(815301076,1909f56bfc062723c751e8b465ee728b)  -> (artifact id: 'b1d8f5bb7241762dc2d159f191a47276') in 0.024794 seconds 
========================================================================
Received Import Request.
  Time since last request: 0.000049 seconds.
  path: Assets/Nature Sound FX/Fire/Flame (7).wav
  artifactKey: Guid(3048df2dfd7ba184996742fc7b4e91b3) Importer(815301076,1909f56bfc062723c751e8b465ee728b)
Start importing Assets/Nature Sound FX/Fire/Flame (7).wav using Guid(3048df2dfd7ba184996742fc7b4e91b3) Importer(815301076,1909f56bfc062723c751e8b465ee728b)  -> (artifact id: 'f62ba0929d8008819296679c17ce9b9b') in 0.022678 seconds 
========================================================================
Received Import Request.
  Time since last request: 1.060706 seconds.
  path: Assets/Oculus/Interaction/Samples/Sounds/GrabObject01.wav
  artifactKey: Guid(452cab5cd4cc31a4bbda065fe1729e0d) Importer(815301076,1909f56bfc062723c751e8b465ee728b)
Start importing Assets/Oculus/Interaction/Samples/Sounds/GrabObject01.wav using Guid(452cab5cd4cc31a4bbda065fe1729e0d) Importer(815301076,1909f56bfc062723c751e8b465ee728b)  -> (artifact id: '20cd8c021a1ff3b499315218094eccec') in 0.016361 seconds 
========================================================================
Received Import Request.
  Time since last request: 0.000021 seconds.
  path: Assets/Oculus/Spatializer/scenes/sounds/hammer.wav
  artifactKey: Guid(3a4baf251c1814716b9458d036384a76) Importer(815301076,1909f56bfc062723c751e8b465ee728b)
Start importing Assets/Oculus/Spatializer/scenes/sounds/hammer.wav using Guid(3a4baf251c1814716b9458d036384a76) Importer(815301076,1909f56bfc062723c751e8b465ee728b)  -> (artifact id: '8c8156e1e6423daca6ef4e8c7a6bd98a') in 0.020440 seconds 
========================================================================
Received Import Request.
  Time since last request: 0.030613 seconds.
  path: Assets/Oculus/Spatializer/scenes/sounds/horse.ogg
  artifactKey: Guid(494bd1721199a40c5a79fa3011793556) Importer(815301076,1909f56bfc062723c751e8b465ee728b)
Start importing Assets/Oculus/Spatializer/scenes/sounds/horse.ogg using Guid(494bd1721199a40c5a79fa3011793556) Importer(815301076,1909f56bfc062723c751e8b465ee728b)  -> (artifact id: '67dffcf1662480917cdf532e843a429d') in 0.020167 seconds 
========================================================================
Received Import Request.
  Time since last request: 0.000024 seconds.
  path: Assets/Oculus/Interaction/Samples/Audio/Content/Interaction_BasicGrab_Grab_01.wav
  artifactKey: Guid(ba24ea69ea5a83349b560a6d0abcef47) Importer(815301076,1909f56bfc062723c751e8b465ee728b)
Start importing Assets/Oculus/Interaction/Samples/Audio/Content/Interaction_BasicGrab_Grab_01.wav using Guid(ba24ea69ea5a83349b560a6d0abcef47) Importer(815301076,1909f56bfc062723c751e8b465ee728b)  -> (artifact id: '531feae0d9eb6cca00cca87c85a231a9') in 0.017883 seconds 
========================================================================
Received Import Request.
  Time since last request: 0.000022 seconds.
  path: Assets/Oculus/Interaction/Samples/Audio/Content/Interaction_BasicGrab_Grab_04.wav
  artifactKey: Guid(1bd60f4e4774c97469bd13aad8a14735) Importer(815301076,1909f56bfc062723c751e8b465ee728b)
Start importing Assets/Oculus/Interaction/Samples/Audio/Content/Interaction_BasicGrab_Grab_04.wav using Guid(1bd60f4e4774c97469bd13aad8a14735) Importer(815301076,1909f56bfc062723c751e8b465ee728b)  -> (artifact id: '6d20424738dbe2afa7ae668c44218c6b') in 0.018024 seconds 
========================================================================
Received Import Request.
  Time since last request: 0.044878 seconds.
  path: Assets/Oculus/Interaction/Samples/Audio/Content/Interaction_BasicGrab_Grab_05.wav
  artifactKey: Guid(5e44ad0f498709b458e0b33478e5c161) Importer(815301076,1909f56bfc062723c751e8b465ee728b)
Start importing Assets/Oculus/Interaction/Samples/Audio/Content/Interaction_BasicGrab_Grab_05.wav using Guid(5e44ad0f498709b458e0b33478e5c161) Importer(815301076,1909f56bfc062723c751e8b465ee728b)  -> (artifact id: 'ef8c0e330e398e3b9102e5e05fe0c825') in 0.018447 seconds 
========================================================================
Received Import Request.
  Time since last request: 0.000031 seconds.
  path: Assets/Oculus/Interaction/Samples/Audio/Content/Interaction_BasicGrab_Release_02.wav
  artifactKey: Guid(c778383a4f7517444bceb89ec51cc4c9) Importer(815301076,1909f56bfc062723c751e8b465ee728b)
Start importing Assets/Oculus/Interaction/Samples/Audio/Content/Interaction_BasicGrab_Release_02.wav using Guid(c778383a4f7517444bceb89ec51cc4c9) Importer(815301076,1909f56bfc062723c751e8b465ee728b)  -> (artifact id: 'ca90515bc7b59e266f49df2ae528c3ee') in 0.019587 seconds 
========================================================================
Received Import Request.
  Time since last request: 0.847291 seconds.
  path: Assets/Oculus/Interaction/Samples/Audio/Content/Interaction_BasicGrab_Release_03.wav
  artifactKey: Guid(699db85e81c57234f80d2c1d665c0a96) Importer(815301076,1909f56bfc062723c751e8b465ee728b)
Start importing Assets/Oculus/Interaction/Samples/Audio/Content/Interaction_BasicGrab_Release_03.wav using Guid(699db85e81c57234f80d2c1d665c0a96) Importer(815301076,1909f56bfc062723c751e8b465ee728b)  -> (artifact id: 'd8df641748b87573087a07bcd315287d') in 0.019370 seconds 
========================================================================
Received Import Request.
  Time since last request: 0.058188 seconds.
  path: Assets/Oculus/Interaction/Samples/Audio/Content/Interaction_BasicPoke_ButtonPress.wav
  artifactKey: Guid(56fe077fa3d84f24c951589f5d187be2) Importer(815301076,1909f56bfc062723c751e8b465ee728b)
Start importing Assets/Oculus/Interaction/Samples/Audio/Content/Interaction_BasicPoke_ButtonPress.wav using Guid(56fe077fa3d84f24c951589f5d187be2) Importer(815301076,1909f56bfc062723c751e8b465ee728b)  -> (artifact id: '9af8bba780335a5ceb6677cf7d008c00') in 0.019280 seconds 
========================================================================
Received Import Request.
  Time since last request: 0.029816 seconds.
  path: Assets/Oculus/Interaction/Samples/Audio/Content/Interaction_BasicPoke_Keypad_02.wav
  artifactKey: Guid(9e6b15717caa4bd4c89c44dc2ae6108c) Importer(815301076,1909f56bfc062723c751e8b465ee728b)
Start importing Assets/Oculus/Interaction/Samples/Audio/Content/Interaction_BasicPoke_Keypad_02.wav using Guid(9e6b15717caa4bd4c89c44dc2ae6108c) Importer(815301076,1909f56bfc062723c751e8b465ee728b)  -> (artifact id: '7009e31ee462fff8a674956400b8fe8c') in 0.017720 seconds 
========================================================================
Received Import Request.
  Time since last request: 0.000026 seconds.
  path: Assets/Oculus/Interaction/Samples/Audio/Content/Interaction_BasicPoke_Keypad_04.wav
  artifactKey: Guid(b8f580cf675c83e4086b7b858613cb22) Importer(815301076,1909f56bfc062723c751e8b465ee728b)
Start importing Assets/Oculus/Interaction/Samples/Audio/Content/Interaction_BasicPoke_Keypad_04.wav using Guid(b8f580cf675c83e4086b7b858613cb22) Importer(815301076,1909f56bfc062723c751e8b465ee728b)  -> (artifact id: 'b4a175ae0198406f3d9f3ab8dbda6523') in 0.016920 seconds 
========================================================================
Received Import Request.
  Time since last request: 0.642200 seconds.
  path: Assets/Oculus/Interaction/Samples/Audio/Content/Interaction_BasicPoke_Keypad_05.wav
  artifactKey: Guid(061eee0218cd9a5448e78cfe72eaebfc) Importer(815301076,1909f56bfc062723c751e8b465ee728b)
Start importing Assets/Oculus/Interaction/Samples/Audio/Content/Interaction_BasicPoke_Keypad_05.wav using Guid(061eee0218cd9a5448e78cfe72eaebfc) Importer(815301076,1909f56bfc062723c751e8b465ee728b)  -> (artifact id: '4bbfa0f33724995a510a0e4b0a9f01dd') in 0.015959 seconds 
========================================================================
Received Import Request.
  Time since last request: 0.057209 seconds.
  path: Assets/Oculus/Interaction/Samples/Audio/Content/Interaction_BasicPoke_Keypad_08.wav
  artifactKey: Guid(3c7d77ef6bc7ea342982df2dd40208a9) Importer(815301076,1909f56bfc062723c751e8b465ee728b)
Start importing Assets/Oculus/Interaction/Samples/Audio/Content/Interaction_BasicPoke_Keypad_08.wav using Guid(3c7d77ef6bc7ea342982df2dd40208a9) Importer(815301076,1909f56bfc062723c751e8b465ee728b)  -> (artifact id: '77419df2eea1de52b0b59e0a3afa870b') in 0.018293 seconds 
========================================================================
Received Import Request.
  Time since last request: 0.000034 seconds.
  path: Assets/Oculus/Interaction/Samples/Audio/Content/Interaction_BasicPoke_ToyButton_Press_01.wav
  artifactKey: Guid(9c7f85ce3536b3b4c89aa4bd0db96665) Importer(815301076,1909f56bfc062723c751e8b465ee728b)
Start importing Assets/Oculus/Interaction/Samples/Audio/Content/Interaction_BasicPoke_ToyButton_Press_01.wav using Guid(9c7f85ce3536b3b4c89aa4bd0db96665) Importer(815301076,1909f56bfc062723c751e8b465ee728b)  -> (artifact id: 'f84476a5a5455c4ea70319192de4af11') in 0.020167 seconds 
========================================================================
Received Import Request.
  Time since last request: 0.000020 seconds.
  path: Assets/Oculus/Interaction/Samples/Audio/Content/Interaction_BasicPoke_ToyButton_Press_03.wav
  artifactKey: Guid(354b04977aec15c42819ef6947075146) Importer(815301076,1909f56bfc062723c751e8b465ee728b)
Start importing Assets/Oculus/Interaction/Samples/Audio/Content/Interaction_BasicPoke_ToyButton_Press_03.wav using Guid(354b04977aec15c42819ef6947075146) Importer(815301076,1909f56bfc062723c751e8b465ee728b)  -> (artifact id: 'ab182950cbf2d10592939df48b226a78') in 0.019053 seconds 
========================================================================
Received Import Request.
  Time since last request: 0.000037 seconds.
  path: Assets/Oculus/Interaction/Samples/Audio/Content/Interaction_BasicPoke_ToyButton_Release_03.wav
  artifactKey: Guid(ef4f51c9b55aa174e96e815bd0e7cbda) Importer(815301076,1909f56bfc062723c751e8b465ee728b)
Start importing Assets/Oculus/Interaction/Samples/Audio/Content/Interaction_BasicPoke_ToyButton_Release_03.wav using Guid(ef4f51c9b55aa174e96e815bd0e7cbda) Importer(815301076,1909f56bfc062723c751e8b465ee728b)  -> (artifact id: 'fd5a1a9c04a9991a8e5eafc9d9efc01a') in 0.022141 seconds 
========================================================================
Received Import Request.
  Time since last request: 0.000039 seconds.
  path: Assets/Oculus/Interaction/Samples/Audio/Content/Interaction_BasicPoke_ToyButton_Release_02.wav
  artifactKey: Guid(9c588f7a6c8d16142bd78690b1f36fd5) Importer(815301076,1909f56bfc062723c751e8b465ee728b)
Start importing Assets/Oculus/Interaction/Samples/Audio/Content/Interaction_BasicPoke_ToyButton_Release_02.wav using Guid(9c588f7a6c8d16142bd78690b1f36fd5) Importer(815301076,1909f56bfc062723c751e8b465ee728b)  -> (artifact id: '5159808c528759276d411439cdb0bc27') in 0.018858 seconds 
========================================================================
Received Import Request.
  Time since last request: 0.000054 seconds.
  path: Assets/Oculus/Interaction/Samples/Audio/Content/Interaction_BasicRay_Back.wav
  artifactKey: Guid(4393389c4e9969940bfda2dc7f786204) Importer(815301076,1909f56bfc062723c751e8b465ee728b)
Start importing Assets/Oculus/Interaction/Samples/Audio/Content/Interaction_BasicRay_Back.wav using Guid(4393389c4e9969940bfda2dc7f786204) Importer(815301076,1909f56bfc062723c751e8b465ee728b)  -> (artifact id: 'd1efcacd1c2b6fe7bce28c17c2405882') in 0.020420 seconds 
========================================================================
Received Import Request.
  Time since last request: 0.458896 seconds.
  path: Assets/Oculus/Interaction/Samples/Audio/Content/Interaction_CameraTool_Shutter_01.wav
  artifactKey: Guid(d009b2948655d054d8f4b6c17607d08b) Importer(815301076,1909f56bfc062723c751e8b465ee728b)
Start importing Assets/Oculus/Interaction/Samples/Audio/Content/Interaction_CameraTool_Shutter_01.wav using Guid(d009b2948655d054d8f4b6c17607d08b) Importer(815301076,1909f56bfc062723c751e8b465ee728b)  -> (artifact id: '21b5557aad283c7bf20aaec7606a80e3') in 0.020473 seconds 
========================================================================
Received Import Request.
  Time since last request: 0.000024 seconds.
  path: Assets/Oculus/Interaction/Samples/Audio/Content/Interaction_ComplexGrab_BoxClose_02.wav
  artifactKey: Guid(87ea10243c060994e963520e19099c35) Importer(815301076,1909f56bfc062723c751e8b465ee728b)
Start importing Assets/Oculus/Interaction/Samples/Audio/Content/Interaction_ComplexGrab_BoxClose_02.wav using Guid(87ea10243c060994e963520e19099c35) Importer(815301076,1909f56bfc062723c751e8b465ee728b)  -> (artifact id: '526c0cf9783126a0c19c7f64eb4b7921') in 0.024294 seconds 
========================================================================
Received Import Request.
  Time since last request: 0.000029 seconds.
  path: Assets/Oculus/Interaction/Samples/Audio/Content/Interaction_ComplexGrab_BoxOpen_01.wav
  artifactKey: Guid(016209c384f7c0748b3cc19f7b2ded43) Importer(815301076,1909f56bfc062723c751e8b465ee728b)
Start importing Assets/Oculus/Interaction/Samples/Audio/Content/Interaction_ComplexGrab_BoxOpen_01.wav using Guid(016209c384f7c0748b3cc19f7b2ded43) Importer(815301076,1909f56bfc062723c751e8b465ee728b)  -> (artifact id: '7e462179457e8fb1513fd2ebd5996482') in 0.019825 seconds 
========================================================================
Received Import Request.
  Time since last request: 0.000025 seconds.
  path: Assets/Oculus/Interaction/Samples/Audio/Content/Interaction_ComplexGrab_BoxOpen_03.wav
  artifactKey: Guid(2a3a28423ef0779459533afedeee12cf) Importer(815301076,1909f56bfc062723c751e8b465ee728b)
Start importing Assets/Oculus/Interaction/Samples/Audio/Content/Interaction_ComplexGrab_BoxOpen_03.wav using Guid(2a3a28423ef0779459533afedeee12cf) Importer(815301076,1909f56bfc062723c751e8b465ee728b)  -> (artifact id: '288a01afc2146bc35187b19535528e23') in 0.019630 seconds 
========================================================================
Received Import Request.
  Time since last request: 0.000024 seconds.
  path: Assets/Oculus/Interaction/Samples/Audio/Content/Interaction_Locomotion_Declined.wav
  artifactKey: Guid(7a92e082862bf6249b332887bfa5a92a) Importer(815301076,1909f56bfc062723c751e8b465ee728b)
Start importing Assets/Oculus/Interaction/Samples/Audio/Content/Interaction_Locomotion_Declined.wav using Guid(7a92e082862bf6249b332887bfa5a92a) Importer(815301076,1909f56bfc062723c751e8b465ee728b)  -> (artifact id: '353e43b12758bdd524b8723830d4a7f6') in 0.020776 seconds 
========================================================================
Received Import Request.
  Time since last request: 0.000041 seconds.
  path: Assets/Oculus/Interaction/Samples/Audio/Content/Interaction_Object_Impact_01.wav
  artifactKey: Guid(f9d3d78b93262df46b15e931d171f693) Importer(815301076,1909f56bfc062723c751e8b465ee728b)
Start importing Assets/Oculus/Interaction/Samples/Audio/Content/Interaction_Object_Impact_01.wav using Guid(f9d3d78b93262df46b15e931d171f693) Importer(815301076,1909f56bfc062723c751e8b465ee728b)  -> (artifact id: '1055d4c5568d3577c7c758e19a514468') in 0.022413 seconds 
========================================================================
Received Import Request.
  Time since last request: 0.000034 seconds.
  path: Assets/Oculus/Interaction/Samples/Audio/Content/Interaction_DistanceGrab_Pull.wav
  artifactKey: Guid(fbedf1b2a14410642b76da03d6d664f7) Importer(815301076,1909f56bfc062723c751e8b465ee728b)
Start importing Assets/Oculus/Interaction/Samples/Audio/Content/Interaction_DistanceGrab_Pull.wav using Guid(fbedf1b2a14410642b76da03d6d664f7) Importer(815301076,1909f56bfc062723c751e8b465ee728b)  -> (artifact id: '35d64e5eba7fcb260a89be78c3b1e6e3') in 0.020669 seconds 
========================================================================
Received Import Request.
  Time since last request: 0.000023 seconds.
  path: Assets/Oculus/Interaction/Samples/Audio/Content/Interaction_Locomotion_HotspotHover.wav
  artifactKey: Guid(a4104b81b59e0254585ab51f18eb979d) Importer(815301076,1909f56bfc062723c751e8b465ee728b)
Start importing Assets/Oculus/Interaction/Samples/Audio/Content/Interaction_Locomotion_HotspotHover.wav using Guid(a4104b81b59e0254585ab51f18eb979d) Importer(815301076,1909f56bfc062723c751e8b465ee728b)  -> (artifact id: '64394b8094e86b5620b7640d8b3a7c41') in 0.022995 seconds 
========================================================================
Received Import Request.
  Time since last request: 0.000027 seconds.
  path: Assets/Oculus/Interaction/Samples/Audio/Content/Interaction_Locomotion_Exit.wav
  artifactKey: Guid(4a0124413f6c41543a1bdffc9f0fe78c) Importer(815301076,1909f56bfc062723c751e8b465ee728b)
Start importing Assets/Oculus/Interaction/Samples/Audio/Content/Interaction_Locomotion_Exit.wav using Guid(4a0124413f6c41543a1bdffc9f0fe78c) Importer(815301076,1909f56bfc062723c751e8b465ee728b)  -> (artifact id: 'c0024efd34f3cfe9519f6e2eca43eb70') in 0.021253 seconds 
========================================================================
Received Import Request.
  Time since last request: 0.342022 seconds.
  path: Assets/Oculus/Interaction/Samples/Audio/Content/Interaction_Object_Impact_02.wav
  artifactKey: Guid(2cb38d6272069334da3b06fb6d75c673) Importer(815301076,1909f56bfc062723c751e8b465ee728b)
Start importing Assets/Oculus/Interaction/Samples/Audio/Content/Interaction_Object_Impact_02.wav using Guid(2cb38d6272069334da3b06fb6d75c673) Importer(815301076,1909f56bfc062723c751e8b465ee728b)  -> (artifact id: 'c97fd730c3531f55ef730545a18b2edc') in 0.016945 seconds 
========================================================================
Received Import Request.
  Time since last request: 0.056763 seconds.
  path: Assets/Oculus/Interaction/Samples/Audio/Content/Interaction_Object_Impact_05.wav
  artifactKey: Guid(07b5938cd1fd49c4999aa1b2b6b398eb) Importer(815301076,1909f56bfc062723c751e8b465ee728b)
Start importing Assets/Oculus/Interaction/Samples/Audio/Content/Interaction_Object_Impact_05.wav using Guid(07b5938cd1fd49c4999aa1b2b6b398eb) Importer(815301076,1909f56bfc062723c751e8b465ee728b)  -> (artifact id: '6852e25c4ddaab8553401793c99bbaec') in 0.017241 seconds 
========================================================================
Received Import Request.
  Time since last request: 0.000025 seconds.
  path: Assets/Oculus/Interaction/Samples/Audio/Content/Interaction_Object_Impact_07.wav
  artifactKey: Guid(7c0de7743a99e16458d6b4b9d5bf49a2) Importer(815301076,1909f56bfc062723c751e8b465ee728b)
Start importing Assets/Oculus/Interaction/Samples/Audio/Content/Interaction_Object_Impact_07.wav using Guid(7c0de7743a99e16458d6b4b9d5bf49a2) Importer(815301076,1909f56bfc062723c751e8b465ee728b)  -> (artifact id: '46de0940cbff3ed2f9476d6b5e4c374f') in 0.017336 seconds 
========================================================================
Received Import Request.
  Time since last request: 0.000020 seconds.
  path: Assets/Oculus/Interaction/Samples/Audio/Content/Interaction_Object_Resize_01.wav
  artifactKey: Guid(deddf0b6994a9b543a2b4ffd829e8cad) Importer(815301076,1909f56bfc062723c751e8b465ee728b)
Start importing Assets/Oculus/Interaction/Samples/Audio/Content/Interaction_Object_Resize_01.wav using Guid(deddf0b6994a9b543a2b4ffd829e8cad) Importer(815301076,1909f56bfc062723c751e8b465ee728b)  -> (artifact id: '645650e26d3b8ecd1e501ca1edb5cb66') in 0.017329 seconds 
========================================================================
Received Import Request.
  Time since last request: 0.000027 seconds.
  path: Assets/Oculus/Interaction/Samples/Audio/Content/Interaction_Object_Impact_11.wav
  artifactKey: Guid(3c95fd7328ce55b42901d3ededf06b2f) Importer(815301076,1909f56bfc062723c751e8b465ee728b)
Start importing Assets/Oculus/Interaction/Samples/Audio/Content/Interaction_Object_Impact_11.wav using Guid(3c95fd7328ce55b42901d3ededf06b2f) Importer(815301076,1909f56bfc062723c751e8b465ee728b)  -> (artifact id: '6806fa2d8539055615407ae9d92abdd5') in 0.020379 seconds 
========================================================================
Received Import Request.
  Time since last request: 0.000029 seconds.
  path: Assets/Oculus/Interaction/Samples/Audio/Content/Interaction_PoseDetection_Rock_03.wav
  artifactKey: Guid(c3ea51fe00965254cb5625d550ec777a) Importer(815301076,1909f56bfc062723c751e8b465ee728b)
Start importing Assets/Oculus/Interaction/Samples/Audio/Content/Interaction_PoseDetection_Rock_03.wav using Guid(c3ea51fe00965254cb5625d550ec777a) Importer(815301076,1909f56bfc062723c751e8b465ee728b)  -> (artifact id: 'a05ed80ddfa9f32c973c090982e5517a') in 0.022145 seconds 
========================================================================
Received Import Request.
  Time since last request: 0.000041 seconds.
  path: Assets/Oculus/Interaction/Samples/Audio/Content/Interaction_PoseDetection_Rock_01.wav
  artifactKey: Guid(0d5bc27cc53f12b4c9ae2d4e8bc8fd73) Importer(815301076,1909f56bfc062723c751e8b465ee728b)
Start importing Assets/Oculus/Interaction/Samples/Audio/Content/Interaction_PoseDetection_Rock_01.wav using Guid(0d5bc27cc53f12b4c9ae2d4e8bc8fd73) Importer(815301076,1909f56bfc062723c751e8b465ee728b)  -> (artifact id: 'b9a09d3d1958a23c83d6c79781459f54') in 0.024907 seconds 
========================================================================
Received Import Request.
  Time since last request: 0.000056 seconds.
  path: Assets/Oculus/Interaction/Samples/Audio/Content/Interaction_PoseDetection_Paper_03.wav
  artifactKey: Guid(eec1a4e0cb9cf3d4a881837e7a165919) Importer(815301076,1909f56bfc062723c751e8b465ee728b)
Start importing Assets/Oculus/Interaction/Samples/Audio/Content/Interaction_PoseDetection_Paper_03.wav using Guid(eec1a4e0cb9cf3d4a881837e7a165919) Importer(815301076,1909f56bfc062723c751e8b465ee728b)  -> (artifact id: 'dc2ee8bd9b2f62320073b653890cfb1c') in 0.026704 seconds 
========================================================================
Received Import Request.
  Time since last request: 0.000025 seconds.
  path: Assets/Oculus/Interaction/Samples/Audio/Content/Interaction_PoseDetection_Paper_01.wav
  artifactKey: Guid(9f1b0ba010bb58443ab64607dd1c24de) Importer(815301076,1909f56bfc062723c751e8b465ee728b)
Start importing Assets/Oculus/Interaction/Samples/Audio/Content/Interaction_PoseDetection_Paper_01.wav using Guid(9f1b0ba010bb58443ab64607dd1c24de) Importer(815301076,1909f56bfc062723c751e8b465ee728b)  -> (artifact id: '372123a85681fa9a075e0a70fdd1dca4') in 0.027046 seconds 
========================================================================
Received Import Request.
  Time since last request: 0.000031 seconds.
  path: Assets/Oculus/Interaction/Samples/Audio/Content/Interaction_PoseDetection_Scissors_03.wav
  artifactKey: Guid(4eb7c76586f55214595478557cf00925) Importer(815301076,1909f56bfc062723c751e8b465ee728b)
Start importing Assets/Oculus/Interaction/Samples/Audio/Content/Interaction_PoseDetection_Scissors_03.wav using Guid(4eb7c76586f55214595478557cf00925) Importer(815301076,1909f56bfc062723c751e8b465ee728b)  -> (artifact id: '70f51f81ffebe25c5d93b6cd719f34dd') in 0.022427 seconds 
========================================================================
Received Import Request.
  Time since last request: 0.314152 seconds.
  path: Assets/Oculus/Interaction/Samples/Audio/Content/Interaction_PoseDetection_Stop_01.wav
  artifactKey: Guid(33504eb0b3cd875429958bc67b832de0) Importer(815301076,1909f56bfc062723c751e8b465ee728b)
Start importing Assets/Oculus/Interaction/Samples/Audio/Content/Interaction_PoseDetection_Stop_01.wav using Guid(33504eb0b3cd875429958bc67b832de0) Importer(815301076,1909f56bfc062723c751e8b465ee728b)  -> (artifact id: '12b28aa4f20fc6a93c0da3692aa002d0') in 0.018496 seconds 
========================================================================
Received Import Request.
  Time since last request: 0.000026 seconds.
  path: Assets/Oculus/Interaction/Samples/Audio/Content/Interaction_PoseDetection_ThumbsDown_02.wav
  artifactKey: Guid(7774adc1dddd0814380db576766b7efb) Importer(815301076,1909f56bfc062723c751e8b465ee728b)
Start importing Assets/Oculus/Interaction/Samples/Audio/Content/Interaction_PoseDetection_ThumbsDown_02.wav using Guid(7774adc1dddd0814380db576766b7efb) Importer(815301076,1909f56bfc062723c751e8b465ee728b)  -> (artifact id: 'c3b56616b9300243887e119c3a989f6c') in 0.018946 seconds 
========================================================================
Received Import Request.
  Time since last request: 0.000023 seconds.
  path: Assets/Oculus/Interaction/Samples/Audio/Content/Interaction_PoseDetection_ThumbsDown_01.wav
  artifactKey: Guid(21ddc34a9e2a4184884d0ac0d16e5a52) Importer(815301076,1909f56bfc062723c751e8b465ee728b)
Start importing Assets/Oculus/Interaction/Samples/Audio/Content/Interaction_PoseDetection_ThumbsDown_01.wav using Guid(21ddc34a9e2a4184884d0ac0d16e5a52) Importer(815301076,1909f56bfc062723c751e8b465ee728b)  -> (artifact id: 'befd2f35c9a7742335c97a11c786f509') in 0.021246 seconds 
========================================================================
Received Import Request.
  Time since last request: 0.007368 seconds.
  path: Assets/Oculus/Interaction/Samples/Audio/Content/Interaction_PoseDetection_ThumbsUp_01.wav
  artifactKey: Guid(e37b07310ea895b42aab47a925469ea2) Importer(815301076,1909f56bfc062723c751e8b465ee728b)
Start importing Assets/Oculus/Interaction/Samples/Audio/Content/Interaction_PoseDetection_ThumbsUp_01.wav using Guid(e37b07310ea895b42aab47a925469ea2) Importer(815301076,1909f56bfc062723c751e8b465ee728b)  -> (artifact id: 'd0b83d3c677f5dac5fe5fbf19a78ed5e') in 0.021150 seconds 
========================================================================
Received Import Request.
  Time since last request: 0.000048 seconds.
  path: Assets/Oculus/Interaction/Samples/Audio/Content/Interaction_PoseDetection_ThumbsUp_03.wav
  artifactKey: Guid(9b19288dd66a54a4eb7774dd05c2a328) Importer(815301076,1909f56bfc062723c751e8b465ee728b)
Start importing Assets/Oculus/Interaction/Samples/Audio/Content/Interaction_PoseDetection_ThumbsUp_03.wav using Guid(9b19288dd66a54a4eb7774dd05c2a328) Importer(815301076,1909f56bfc062723c751e8b465ee728b)  -> (artifact id: '580deed922bcfcb05e796fe740b9c1b1') in 0.018297 seconds 
========================================================================
Received Import Request.
  Time since last request: 0.000030 seconds.
  path: Assets/Nature Sound FX/__Gift__/Weapons SFX/Klashnikov AK-47/Klashnikov (1).wav
  artifactKey: Guid(468c8c1d937a12643b5d482cba6ad941) Importer(815301076,1909f56bfc062723c751e8b465ee728b)
Start importing Assets/Nature Sound FX/__Gift__/Weapons SFX/Klashnikov AK-47/Klashnikov (1).wav using Guid(468c8c1d937a12643b5d482cba6ad941) Importer(815301076,1909f56bfc062723c751e8b465ee728b)  -> (artifact id: '1bbb3cff8fd3ab6c64f0c15ada522664') in 0.019217 seconds 
========================================================================
Received Import Request.
  Time since last request: 0.000043 seconds.
  path: Assets/Nature Sound FX/__Gift__/Weapons SFX/Klashnikov AK-47/Klashnikov (3).wav
  artifactKey: Guid(10f9e02841a9c8e48a349a4ea5a75ec1) Importer(815301076,1909f56bfc062723c751e8b465ee728b)
Start importing Assets/Nature Sound FX/__Gift__/Weapons SFX/Klashnikov AK-47/Klashnikov (3).wav using Guid(10f9e02841a9c8e48a349a4ea5a75ec1) Importer(815301076,1909f56bfc062723c751e8b465ee728b)  -> (artifact id: '12d739beae17577443c376dd13633786') in 0.020068 seconds 
========================================================================
Received Import Request.
  Time since last request: 0.000047 seconds.
  path: Assets/Nature Sound FX/__Gift__/Weapons SFX/Klashnikov AK-47/Klashnikov (5).wav
  artifactKey: Guid(ee20fdbc165c42345ae5289ed02b78e4) Importer(815301076,1909f56bfc062723c751e8b465ee728b)
Start importing Assets/Nature Sound FX/__Gift__/Weapons SFX/Klashnikov AK-47/Klashnikov (5).wav using Guid(ee20fdbc165c42345ae5289ed02b78e4) Importer(815301076,1909f56bfc062723c751e8b465ee728b)  -> (artifact id: 'dd3d618ea426d1c5dde134b4226ccba7') in 0.020510 seconds 
========================================================================
Received Prepare
Shader 'Oculus/OVRMRCameraFrameLit': fallback shader 'Alpha-Diffuse' not found
Refreshing native plugins compatible for Editor in 56.99 ms, found 10 plugins.
Preloading 1 native plugins for Editor in 0.13 ms.
Unloading 112 Unused Serialized files (Serialized files now loaded: 0)
Unloading 111 unused Assets / (1.4 MB). Loaded Objects now: 5903.
Memory consumption went from 140.1 MB to 138.7 MB.
Total: 14.811000 ms (FindLiveObjects: 0.703600 ms CreateObjectMapping: 0.353600 ms MarkObjects: 13.137400 ms  DeleteObjects: 0.615300 ms)

AssetImportParameters requested are different than current active one (requested -> active):
  custom:video-decoder-ogg-theora: a1e56fd34408186e4bbccfd4996cb3dc -> 
  custom:container-muxer-webm: aa71ff27fc2769a1b78a27578f13a17b -> 
  custom:container-demuxer-webm: 4f35f7cbe854078d1ac9338744f61a02 -> 
  custom:video-encoder-webm-vp8: eb34c28f22e8b96e1ab97ce403110664 -> 
  custom:video-codec-MediaFoundation-h265: 746d11721c4dcdbdad8f713fa42b33f4 -> 
  custom:audio-encoder-webm-vorbis: bf7c407c2cedff20999df2af8eb42d56 -> 
  custom:framework-win-MediaFoundation: 216162199b28c13a410421893ffa2e32 -> 
  custom:container-demuxer-ogg: 62fdf1f143b41e24485cea50d1cbac27 -> 
  custom:video-decoder-webm-vp8: 9c59270c3fd7afecdb556c50c9e8de78 -> 
  custom:audio-decoder-ogg-vorbis: bf7c407c2cedff20999df2af8eb42d56 -> 
Editor requested this worker to shutdown with reason: Scaling down because of idle timeout
AssetImportWorker is now disconnected from the server
Process exiting
Exiting without the bug reporter. Application will terminate with return code 0